2019-05-17 00:23:37 - java
2019-05-17 00:23:37 - html
2019-05-17 00:23:37 - java
2019-05-17 00:23:37 - html
2019-05-17 00:23:37 - java
2019-05-17 00:23:37 - html
2019-05-17 00:23:37 - java
2019-05-17 00:23:37 - html
2019-05-17 00:23:37 - html
2019-05-17 00:23:37 - html
2019-05-17 00:23:37 - html
2019-05-17 00:23:37 - html
2019-05-17 00:23:37 - html
2019-05-17 00:23:37 - html
2019-05-17 00:23:37 - example
2019-05-17 00:23:37 - git
2019-05-17 00:23:37 - parsing
2019-05-17 00:23:37 - parsing
2019-05-17 00:23:37 - html
2019-05-17 00:23:37 - example
2019-05-17 00:23:37 - html
2019-05-17 00:23:37 - html
2019-05-17 00:23:37 - html
2019-05-17 00:23:37 - html
2019-05-17 00:53:22 - programm started for urlhttps://jsoup.org/
2019-05-17 00:53:24 - java
2019-05-17 00:53:24 - html
2019-05-17 00:53:24 - java
2019-05-17 00:53:24 - html
2019-05-17 00:53:24 - java
2019-05-17 00:53:24 - html
2019-05-17 00:53:24 - java
2019-05-17 00:53:24 - html
2019-05-17 00:53:24 - html
2019-05-17 00:53:24 - html
2019-05-17 00:53:24 - html
2019-05-17 00:53:24 - html
2019-05-17 00:53:24 - html
2019-05-17 00:53:24 - html
2019-05-17 00:53:24 - example
2019-05-17 00:53:24 - git
2019-05-17 00:53:24 - parsing
2019-05-17 00:53:24 - parsing
2019-05-17 00:53:24 - html
2019-05-17 00:53:24 - example
2019-05-17 00:53:24 - html
2019-05-17 00:53:24 - html
2019-05-17 00:53:24 - html
2019-05-17 00:53:24 - html
2019-05-17 00:53:24 - end of list
2019-05-17 00:54:49 - -------------programm started for url :  https://jsoup.org/----------------
2019-05-17 00:54:50 - java
2019-05-17 00:54:50 - html
2019-05-17 00:54:50 - java
2019-05-17 00:54:50 - html
2019-05-17 00:54:50 - java
2019-05-17 00:54:50 - html
2019-05-17 00:54:50 - java
2019-05-17 00:54:50 - html
2019-05-17 00:54:50 - html
2019-05-17 00:54:50 - html
2019-05-17 00:54:50 - html
2019-05-17 00:54:50 - html
2019-05-17 00:54:50 - html
2019-05-17 00:54:50 - html
2019-05-17 00:54:50 - example
2019-05-17 00:54:50 - git
2019-05-17 00:54:50 - parsing
2019-05-17 00:54:50 - parsing
2019-05-17 00:54:50 - html
2019-05-17 00:54:50 - example
2019-05-17 00:54:50 - html
2019-05-17 00:54:50 - html
2019-05-17 00:54:50 - html
2019-05-17 00:54:50 - html
2019-05-17 00:54:50 - -------------------end of list-------------------
2019-05-17 04:30:12 - anal
2019-05-17 04:30:12 - squirt
2019-05-17 04:30:12 - anal
2019-05-17 04:30:12 - squirt
2019-05-17 04:30:12 - anal
2019-05-17 04:30:12 - squirt
2019-05-17 04:30:12 - anal
2019-05-17 04:30:12 - anal
2019-05-17 04:30:12 - anal
2019-05-17 04:36:21 - anal
2019-05-17 04:36:21 - squirt
2019-05-17 04:36:21 - squirt
2019-05-17 04:36:21 - anal
2019-05-17 04:36:21 - anal
2019-05-17 04:36:21 - anal
2019-05-17 04:36:21 - anal
